2021-12-02 15:06:26.532 simulation Mauvais chiffre
2021-12-02 15:06:33.660 simulation Mauvais chiffre
2021-12-02 15:06:38.390 simulation Mauvais chiffre
2021-12-02 15:06:41.438 simulation Mauvais chiffre
2021-12-02 15:06:43.887 simulation Mauvais chiffre
2021-12-02 15:06:46.464 simulation Mauvais chiffre
2021-12-02 15:06:50.027 simulation Mauvais chiffre
2021-12-02 15:07:03.975 simulation Mauvais chiffre
2021-12-02 15:07:08.046 simulation Mauvais chiffre
2021-12-02 15:07:09.479 simulation Mauvais chiffre
2021-12-02 15:07:11.623 simulation Mauvais chiffre
2021-12-02 15:07:13.330 simulation Mauvais chiffre
2021-12-02 15:07:16.176 simulation Mauvais chiffre
2021-12-02 15:07:20.253 simulation Mauvais chiffre
2021-12-02 15:07:23.495 simulation Mauvais chiffre
2021-12-02 15:07:26.171 simulation Mauvais chiffre
2021-12-02 15:08:33.083 simulation /nMauvais chiffre
2021-12-02 15:08:46.177 simulation /n Mauvais chiffre
2021-12-02 15:09:34.323 simulation Mauvais chiffre
2021-12-02 15:09:37.469 simulation Mauvais chiffre
2021-12-02 15:09:43.979 simulation Mauvais chiffre
2021-12-02 15:09:51.394 simulation Mauvais chiffre
2021-12-02 15:09:55.921 simulation Mauvais chiffre
2021-12-02 15:10:01.638 simulation Mauvais chiffre
2021-12-02 15:10:03.653 simulation Mauvais chiffre
2021-12-02 15:10:04.893 simulation Mauvais chiffre
2021-12-02 15:13:22.148 simulation Mauvais chiffre
2021-12-02 15:13:26.573 simulation Mauvais chiffre
2021-12-02 15:13:28.688 simulation Mauvais chiffre
2021-12-02 15:13:31.372 simulation Mauvais chiffre
2021-12-02 15:13:34.436 simulation Mauvais chiffre
2021-12-02 15:13:37.320 simulation Mauvais chiffre
2021-12-02 15:13:42.462 simulation Mauvais chiffre
2021-12-02 15:13:45.452 simulation Mauvais chiffre
2021-12-02 15:13:48.703 simulation Mauvais chiffre
2021-12-02 15:13:51.896 simulation Mauvais chiffre
2021-12-02 15:14:00.347 simulation Mauvais chiffre
2021-12-02 15:14:04.406 simulation Mauvais chiffre
2021-12-02 15:14:07.165 simulation Mauvais chiffre
2021-12-02 15:14:11.889 simulation Mauvais chiffre
2021-12-02 15:14:14.745 simulation Mauvais chiffre
2021-12-02 15:14:16.746 simulation Mauvais chiffre
2021-12-02 15:14:18.501 simulation Mauvais chiffre
2021-12-02 15:14:20.943 simulation Mauvais chiffre
2021-12-02 15:14:23.251 simulation End
2021-12-02 15:14:23.255 simulation La partie a durée 01:66.66505 minutes
2021-12-02 15:15:33.999 simulation Mauvais chiffre
2021-12-02 15:15:37.270 simulation Mauvais chiffre
2021-12-02 15:15:40.846 simulation Mauvais chiffre
2021-12-02 15:15:42.866 simulation Mauvais chiffre
2021-12-02 15:15:44.771 simulation Mauvais chiffre
2021-12-02 15:15:50.403 simulation End
2021-12-02 15:15:50.406 simulation La partie a durée 00:18.18660 minutes
2021-12-02 15:16:02.638 simulation Mauvais chiffre
2021-12-02 15:16:06.192 simulation Mauvais chiffre
2021-12-02 15:16:07.595 simulation Mauvais chiffre
2021-12-02 15:16:09.432 simulation Mauvais chiffre
2021-12-02 15:16:11.007 simulation Mauvais chiffre
2021-12-02 15:16:16.409 simulation Mauvais chiffre
2021-12-02 15:16:18.456 simulation Mauvais chiffre
2021-12-02 15:16:20.556 simulation Mauvais chiffre
2021-12-02 15:16:22.307 simulation End
2021-12-02 15:16:22.310 simulation La partie a durée 00:22.22123 minutes
